
ETHER:  ----- Ether Header -----
ETHER:
ETHER:  Packet 0
ETHER:  Packet size = 60 bytes
ETHER:  Destination = 1:80:c2:0:0:0
ETHER:  Source      = 0:4:9a:c7:3c:4c
ETHER:  Ethertype   = 0026 (unknown)
ETHER:

ETHER:  ----- Ether Header -----
ETHER:
ETHER:  Packet 1
ETHER:  Packet size = 74 bytes
ETHER:  Destination = 0:d:56:fa:aa:8a
ETHER:  Source      = 0:e0:b6:1:bd:33
ETHER:  Ethertype   = 0800 (IP)
ETHER:
IP:  ----- IP Header -----
IP:
IP:  Version = 4
IP:  Header length = 20 bytes
IP:  Type of service = 0
IP:  Total length = 60 bytes
IP:  Identification = 60970
IP:  Flags
IP:    .1.. .... = do not fragment
IP:    ..0. .... = last fragment
IP:  Fragment offset = 0 bytes
IP:  Protocol = 6 (TCP)
IP:  Header checksum = 18e0
IP:  Source address = 128.186.120.2
IP:  Destination address = 192.168.122.76
IP:  No options
IP:
TCP:  ----- TCP Header -----
TCP: 
TCP:  Source port = 49207
TCP:  Destination port = 22
TCP:  Sequence number = 3280748406
TCP:  Acknowledgement number = 0
TCP:  Data offset = 40 bytes
TCP:  Flags
TCP:      ..0. .... = No urgent pointer
TCP:      ...0 .... = No acknowledgement
TCP:      .... 0... = No push
TCP:      .... .0.. = No reset
TCP:      .... ..1. = Syn
TCP:      .... ...0 = No Fin
TCP:  Window = 5840
TCP:  Checksum = d9ac
TCP:  Urgent pointer = 0
TCP:  Options ignored
TCP:

ETHER:  ----- Ether Header -----
ETHER:
ETHER:  Packet 2
ETHER:  Packet size = 74 bytes
ETHER:  Destination = 0:e0:b6:1:bd:33
ETHER:  Source      = 0:d:56:fa:aa:8a
ETHER:  Ethertype   = 0800 (IP)
ETHER:
IP:  ----- IP Header -----
IP:
IP:  Version = 4
IP:  Header length = 20 bytes
IP:  Type of service = 0
IP:  Total length = 60 bytes
IP:  Identification = 0
IP:  Flags
IP:    .1.. .... = do not fragment
IP:    ..0. .... = last fragment
IP:  Fragment offset = 0 bytes
IP:  Protocol = 6 (TCP)
IP:  Header checksum = 70b
IP:  Source address = 192.168.122.76
IP:  Destination address = 128.186.120.2
IP:  No options
IP:
TCP:  ----- TCP Header -----
TCP: 
TCP:  Source port = 22
TCP:  Destination port = 49207
TCP:  Sequence number = 203563956
TCP:  Acknowledgement number = 3280748407
TCP:  Data offset = 40 bytes
TCP:  Flags
TCP:      ..0. .... = No urgent pointer
TCP:      ...1 .... = Acknowledgement
TCP:      .... 0... = No push
TCP:      .... .0.. = No reset
TCP:      .... ..1. = Syn
TCP:      .... ...0 = No Fin
TCP:  Window = 5792
TCP:  Checksum = 60ef
TCP:  Urgent pointer = 0
TCP:  Options ignored
TCP:
