
ETHER:  ----- Ether Header -----
ETHER:
ETHER:  Packet 0
ETHER:  Packet size = 60 bytes
ETHER:  Destination = 1:80:c2:0:0:0
ETHER:  Source      = 0:4:9a:c7:3c:4c
ETHER:  Ethertype   = 0026 (unknown)
ETHER:

ETHER:  ----- Ether Header -----
ETHER:
ETHER:  Packet 1
ETHER:  Packet size = 60 bytes
ETHER:  Destination = 1:80:c2:0:0:0
ETHER:  Source      = 0:4:9a:c7:3c:4c
ETHER:  Ethertype   = 0026 (unknown)
ETHER:

ETHER:  ----- Ether Header -----
ETHER:
ETHER:  Packet 2
ETHER:  Packet size = 60 bytes
ETHER:  Destination = 1:80:c2:0:0:0
ETHER:  Source      = 0:4:9a:c7:3c:4c
ETHER:  Ethertype   = 0026 (unknown)
ETHER:

ETHER:  ----- Ether Header -----
ETHER:
ETHER:  Packet 3
ETHER:  Packet size = 60 bytes
ETHER:  Destination = 1:80:c2:0:0:0
ETHER:  Source      = 0:4:9a:c7:3c:4c
ETHER:  Ethertype   = 0026 (unknown)
ETHER:

ETHER:  ----- Ether Header -----
ETHER:
ETHER:  Packet 4
ETHER:  Packet size = 60 bytes
ETHER:  Destination = 1:80:c2:0:0:0
ETHER:  Source      = 0:4:9a:c7:3c:4c
ETHER:  Ethertype   = 0026 (unknown)
ETHER:

ETHER:  ----- Ether Header -----
ETHER:
ETHER:  Packet 5
ETHER:  Packet size = 60 bytes
ETHER:  Destination = 1:80:c2:0:0:0
ETHER:  Source      = 0:4:9a:c7:3c:4c
ETHER:  Ethertype   = 0026 (unknown)
ETHER:

ETHER:  ----- Ether Header -----
ETHER:
ETHER:  Packet 6
ETHER:  Packet size = 60 bytes
ETHER:  Destination = 1:80:c2:0:0:0
ETHER:  Source      = 0:4:9a:c7:3c:4c
ETHER:  Ethertype   = 0026 (unknown)
ETHER:

ETHER:  ----- Ether Header -----
ETHER:
ETHER:  Packet 7
ETHER:  Packet size = 60 bytes
ETHER:  Destination = 1:80:c2:0:0:0
ETHER:  Source      = 0:4:9a:c7:3c:4c
ETHER:  Ethertype   = 0026 (unknown)
ETHER:

ETHER:  ----- Ether Header -----
ETHER:
ETHER:  Packet 8
ETHER:  Packet size = 60 bytes
ETHER:  Destination = 1:80:c2:0:0:0
ETHER:  Source      = 0:4:9a:c7:3c:4c
ETHER:  Ethertype   = 0026 (unknown)
ETHER:

ETHER:  ----- Ether Header -----
ETHER:
ETHER:  Packet 9
ETHER:  Packet size = 407 bytes
ETHER:  Destination = 1:0:c:cc:cc:cc
ETHER:  Source      = 0:4:9a:c7:3c:4c
ETHER:  Ethertype   = 0189 (unknown)
ETHER:

ETHER:  ----- Ether Header -----
ETHER:
ETHER:  Packet 10
ETHER:  Packet size = 60 bytes
ETHER:  Destination = 1:80:c2:0:0:0
ETHER:  Source      = 0:4:9a:c7:3c:4c
ETHER:  Ethertype   = 0026 (unknown)
ETHER:

ETHER:  ----- Ether Header -----
ETHER:
ETHER:  Packet 11
ETHER:  Packet size = 60 bytes
ETHER:  Destination = 1:80:c2:0:0:0
ETHER:  Source      = 0:4:9a:c7:3c:4c
ETHER:  Ethertype   = 0026 (unknown)
ETHER:

ETHER:  ----- Ether Header -----
ETHER:
ETHER:  Packet 12
ETHER:  Packet size = 60 bytes
ETHER:  Destination = 1:80:c2:0:0:0
ETHER:  Source      = 0:4:9a:c7:3c:4c
ETHER:  Ethertype   = 0026 (unknown)
ETHER:

ETHER:  ----- Ether Header -----
ETHER:
ETHER:  Packet 13
ETHER:  Packet size = 60 bytes
ETHER:  Destination = 1:80:c2:0:0:0
ETHER:  Source      = 0:4:9a:c7:3c:4c
ETHER:  Ethertype   = 0026 (unknown)
ETHER:

ETHER:  ----- Ether Header -----
ETHER:
ETHER:  Packet 14
ETHER:  Packet size = 60 bytes
ETHER:  Destination = 1:80:c2:0:0:0
ETHER:  Source      = 0:4:9a:c7:3c:4c
ETHER:  Ethertype   = 0026 (unknown)
ETHER:

ETHER:  ----- Ether Header -----
ETHER:
ETHER:  Packet 15
ETHER:  Packet size = 60 bytes
ETHER:  Destination = 1:80:c2:0:0:0
ETHER:  Source      = 0:4:9a:c7:3c:4c
ETHER:  Ethertype   = 0026 (unknown)
ETHER:

ETHER:  ----- Ether Header -----
ETHER:
ETHER:  Packet 16
ETHER:  Packet size = 60 bytes
ETHER:  Destination = 1:80:c2:0:0:0
ETHER:  Source      = 0:4:9a:c7:3c:4c
ETHER:  Ethertype   = 0026 (unknown)
ETHER:

ETHER:  ----- Ether Header -----
ETHER:
ETHER:  Packet 17
ETHER:  Packet size = 243 bytes
ETHER:  Destination = ff:ff:ff:ff:ff:ff
ETHER:  Source      = 0:c:f1:d6:f1:c1
ETHER:  Ethertype   = 0800 (IP)
ETHER:
IP:  ----- IP Header -----
IP:
IP:  Version = 4
IP:  Header length = 20 bytes
IP:  Type of service = 0
IP:  Total length = 229 bytes
IP:  Identification = 53033
IP:  Flags
IP:    .0.. .... = allow fragment
IP:    ..0. .... = last fragment
IP:  Fragment offset = 0 bytes
IP:  Protocol = 17 (UDP)
IP:  Header checksum = f3e7
IP:  Source address = 192.168.122.166
IP:  Destination address = 192.168.122.255
IP:  No options
IP:
UDP:  ----- UDP Header -----
UDP: 
UDP:  Source port = 138
UDP:  Destination port = 138
UDP:  Message length = 209
UDP:  Checksum = 18fb
UDP:

ETHER:  ----- Ether Header -----
ETHER:
ETHER:  Packet 18
ETHER:  Packet size = 60 bytes
ETHER:  Destination = 1:80:c2:0:0:0
ETHER:  Source      = 0:4:9a:c7:3c:4c
ETHER:  Ethertype   = 0026 (unknown)
ETHER:

ETHER:  ----- Ether Header -----
ETHER:
ETHER:  Packet 19
ETHER:  Packet size = 60 bytes
ETHER:  Destination = 1:80:c2:0:0:0
ETHER:  Source      = 0:4:9a:c7:3c:4c
ETHER:  Ethertype   = 0026 (unknown)
ETHER:

ETHER:  ----- Ether Header -----
ETHER:
ETHER:  Packet 20
ETHER:  Packet size = 60 bytes
ETHER:  Destination = 1:80:c2:0:0:0
ETHER:  Source      = 0:4:9a:c7:3c:4c
ETHER:  Ethertype   = 0026 (unknown)
ETHER:

ETHER:  ----- Ether Header -----
ETHER:
ETHER:  Packet 21
ETHER:  Packet size = 60 bytes
ETHER:  Destination = 1:80:c2:0:0:0
ETHER:  Source      = 0:4:9a:c7:3c:4c
ETHER:  Ethertype   = 0026 (unknown)
ETHER:

ETHER:  ----- Ether Header -----
ETHER:
ETHER:  Packet 22
ETHER:  Packet size = 60 bytes
ETHER:  Destination = 1:80:c2:0:0:0
ETHER:  Source      = 0:4:9a:c7:3c:4c
ETHER:  Ethertype   = 0026 (unknown)
ETHER:

ETHER:  ----- Ether Header -----
ETHER:
ETHER:  Packet 23
ETHER:  Packet size = 60 bytes
ETHER:  Destination = 1:80:c2:0:0:0
ETHER:  Source      = 0:4:9a:c7:3c:4c
ETHER:  Ethertype   = 0026 (unknown)
ETHER:

ETHER:  ----- Ether Header -----
ETHER:
ETHER:  Packet 24
ETHER:  Packet size = 60 bytes
ETHER:  Destination = 1:80:c2:0:0:0
ETHER:  Source      = 0:4:9a:c7:3c:4c
ETHER:  Ethertype   = 0026 (unknown)
ETHER:

ETHER:  ----- Ether Header -----
ETHER:
ETHER:  Packet 25
ETHER:  Packet size = 60 bytes
ETHER:  Destination = 1:80:c2:0:0:0
ETHER:  Source      = 0:4:9a:c7:3c:4c
ETHER:  Ethertype   = 0026 (unknown)
ETHER:

ETHER:  ----- Ether Header -----
ETHER:
ETHER:  Packet 26
ETHER:  Packet size = 60 bytes
ETHER:  Destination = 1:80:c2:0:0:0
ETHER:  Source      = 0:4:9a:c7:3c:4c
ETHER:  Ethertype   = 0026 (unknown)
ETHER:

ETHER:  ----- Ether Header -----
ETHER:
ETHER:  Packet 27
ETHER:  Packet size = 60 bytes
ETHER:  Destination = 1:80:c2:0:0:0
ETHER:  Source      = 0:4:9a:c7:3c:4c
ETHER:  Ethertype   = 0026 (unknown)
ETHER:

ETHER:  ----- Ether Header -----
ETHER:
ETHER:  Packet 28
ETHER:  Packet size = 60 bytes
ETHER:  Destination = 1:80:c2:0:0:0
ETHER:  Source      = 0:4:9a:c7:3c:4c
ETHER:  Ethertype   = 0026 (unknown)
ETHER:

ETHER:  ----- Ether Header -----
ETHER:
ETHER:  Packet 29
ETHER:  Packet size = 60 bytes
ETHER:  Destination = 1:80:c2:0:0:0
ETHER:  Source      = 0:4:9a:c7:3c:4c
ETHER:  Ethertype   = 0026 (unknown)
ETHER:

ETHER:  ----- Ether Header -----
ETHER:
ETHER:  Packet 30
ETHER:  Packet size = 60 bytes
ETHER:  Destination = 1:80:c2:0:0:0
ETHER:  Source      = 0:4:9a:c7:3c:4c
ETHER:  Ethertype   = 0026 (unknown)
ETHER:

ETHER:  ----- Ether Header -----
ETHER:
ETHER:  Packet 31
ETHER:  Packet size = 60 bytes
ETHER:  Destination = ff:ff:ff:ff:ff:ff
ETHER:  Source      = 0:30:c1:31:d7:c7
ETHER:  Ethertype   = 0806 (ARP)
ETHER:
ARP:  ----- ARP Frame -----
ARP:  
ARP:  Hardware type = 1 (Ethernet)
ARP:  Protocol type = 0800 (IP)
ARP:  Length of hardware address = 6 bytes
ARP:  Length of protocol address = 4 bytes
ARP:  Opcode 1 (ARP Request)
ARP:  Sender's hardware address = 0:30:c1:31:d7:c7
ARP:  Sender's protocol address = 192.168.122.37
ARP:  Target hardware address = ?
ARP:  Target protocol address = 192.168.122.8
ARP:

ETHER:  ----- Ether Header -----
ETHER:
ETHER:  Packet 32
ETHER:  Packet size = 60 bytes
ETHER:  Destination = 1:80:c2:0:0:0
ETHER:  Source      = 0:4:9a:c7:3c:4c
ETHER:  Ethertype   = 0026 (unknown)
ETHER:

ETHER:  ----- Ether Header -----
ETHER:
ETHER:  Packet 33
ETHER:  Packet size = 60 bytes
ETHER:  Destination = 1:80:c2:0:0:0
ETHER:  Source      = 0:4:9a:c7:3c:4c
ETHER:  Ethertype   = 0026 (unknown)
ETHER:

ETHER:  ----- Ether Header -----
ETHER:
ETHER:  Packet 34
ETHER:  Packet size = 60 bytes
ETHER:  Destination = 1:80:c2:0:0:0
ETHER:  Source      = 0:4:9a:c7:3c:4c
ETHER:  Ethertype   = 0026 (unknown)
ETHER:

ETHER:  ----- Ether Header -----
ETHER:
ETHER:  Packet 35
ETHER:  Packet size = 60 bytes
ETHER:  Destination = 1:80:c2:0:0:0
ETHER:  Source      = 0:4:9a:c7:3c:4c
ETHER:  Ethertype   = 0026 (unknown)
ETHER:

ETHER:  ----- Ether Header -----
ETHER:
ETHER:  Packet 36
ETHER:  Packet size = 60 bytes
ETHER:  Destination = 1:80:c2:0:0:0
ETHER:  Source      = 0:4:9a:c7:3c:4c
ETHER:  Ethertype   = 0026 (unknown)
ETHER:

ETHER:  ----- Ether Header -----
ETHER:
ETHER:  Packet 37
ETHER:  Packet size = 60 bytes
ETHER:  Destination = 1:80:c2:0:0:0
ETHER:  Source      = 0:4:9a:c7:3c:4c
ETHER:  Ethertype   = 0026 (unknown)
ETHER:

ETHER:  ----- Ether Header -----
ETHER:
ETHER:  Packet 38
ETHER:  Packet size = 60 bytes
ETHER:  Destination = 1:80:c2:0:0:0
ETHER:  Source      = 0:4:9a:c7:3c:4c
ETHER:  Ethertype   = 0026 (unknown)
ETHER:

ETHER:  ----- Ether Header -----
ETHER:
ETHER:  Packet 39
ETHER:  Packet size = 60 bytes
ETHER:  Destination = 1:80:c2:0:0:0
ETHER:  Source      = 0:4:9a:c7:3c:4c
ETHER:  Ethertype   = 0026 (unknown)
ETHER:

ETHER:  ----- Ether Header -----
ETHER:
ETHER:  Packet 40
ETHER:  Packet size = 60 bytes
ETHER:  Destination = 1:80:c2:0:0:0
ETHER:  Source      = 0:4:9a:c7:3c:4c
ETHER:  Ethertype   = 0026 (unknown)
ETHER:

ETHER:  ----- Ether Header -----
ETHER:
ETHER:  Packet 41
ETHER:  Packet size = 60 bytes
ETHER:  Destination = 1:80:c2:0:0:0
ETHER:  Source      = 0:4:9a:c7:3c:4c
ETHER:  Ethertype   = 0026 (unknown)
ETHER:

ETHER:  ----- Ether Header -----
ETHER:
ETHER:  Packet 42
ETHER:  Packet size = 407 bytes
ETHER:  Destination = 1:0:c:cc:cc:cc
ETHER:  Source      = 0:4:9a:c7:3c:4c
ETHER:  Ethertype   = 0189 (unknown)
ETHER:

ETHER:  ----- Ether Header -----
ETHER:
ETHER:  Packet 43
ETHER:  Packet size = 60 bytes
ETHER:  Destination = 1:80:c2:0:0:0
ETHER:  Source      = 0:4:9a:c7:3c:4c
ETHER:  Ethertype   = 0026 (unknown)
ETHER:

ETHER:  ----- Ether Header -----
ETHER:
ETHER:  Packet 44
ETHER:  Packet size = 60 bytes
ETHER:  Destination = 1:80:c2:0:0:0
ETHER:  Source      = 0:4:9a:c7:3c:4c
ETHER:  Ethertype   = 0026 (unknown)
ETHER:

ETHER:  ----- Ether Header -----
ETHER:
ETHER:  Packet 45
ETHER:  Packet size = 60 bytes
ETHER:  Destination = 1:80:c2:0:0:0
ETHER:  Source      = 0:4:9a:c7:3c:4c
ETHER:  Ethertype   = 0026 (unknown)
ETHER:

ETHER:  ----- Ether Header -----
ETHER:
ETHER:  Packet 46
ETHER:  Packet size = 60 bytes
ETHER:  Destination = 1:80:c2:0:0:0
ETHER:  Source      = 0:4:9a:c7:3c:4c
ETHER:  Ethertype   = 0026 (unknown)
ETHER:

ETHER:  ----- Ether Header -----
ETHER:
ETHER:  Packet 47
ETHER:  Packet size = 60 bytes
ETHER:  Destination = 1:80:c2:0:0:0
ETHER:  Source      = 0:4:9a:c7:3c:4c
ETHER:  Ethertype   = 0026 (unknown)
ETHER:

ETHER:  ----- Ether Header -----
ETHER:
ETHER:  Packet 48
ETHER:  Packet size = 60 bytes
ETHER:  Destination = 1:80:c2:0:0:0
ETHER:  Source      = 0:4:9a:c7:3c:4c
ETHER:  Ethertype   = 0026 (unknown)
ETHER:

ETHER:  ----- Ether Header -----
ETHER:
ETHER:  Packet 49
ETHER:  Packet size = 60 bytes
ETHER:  Destination = 1:80:c2:0:0:0
ETHER:  Source      = 0:4:9a:c7:3c:4c
ETHER:  Ethertype   = 0026 (unknown)
ETHER:

ETHER:  ----- Ether Header -----
ETHER:
ETHER:  Packet 50
ETHER:  Packet size = 60 bytes
ETHER:  Destination = 1:80:c2:0:0:0
ETHER:  Source      = 0:4:9a:c7:3c:4c
ETHER:  Ethertype   = 0026 (unknown)
ETHER:

ETHER:  ----- Ether Header -----
ETHER:
ETHER:  Packet 51
ETHER:  Packet size = 60 bytes
ETHER:  Destination = 1:80:c2:0:0:0
ETHER:  Source      = 0:4:9a:c7:3c:4c
ETHER:  Ethertype   = 0026 (unknown)
ETHER:

ETHER:  ----- Ether Header -----
ETHER:
ETHER:  Packet 52
ETHER:  Packet size = 60 bytes
ETHER:  Destination = 1:80:c2:0:0:0
ETHER:  Source      = 0:4:9a:c7:3c:4c
ETHER:  Ethertype   = 0026 (unknown)
ETHER:

ETHER:  ----- Ether Header -----
ETHER:
ETHER:  Packet 53
ETHER:  Packet size = 60 bytes
ETHER:  Destination = 1:80:c2:0:0:0
ETHER:  Source      = 0:4:9a:c7:3c:4c
ETHER:  Ethertype   = 0026 (unknown)
ETHER:

ETHER:  ----- Ether Header -----
ETHER:
ETHER:  Packet 54
ETHER:  Packet size = 60 bytes
ETHER:  Destination = 1:80:c2:0:0:0
ETHER:  Source      = 0:4:9a:c7:3c:4c
ETHER:  Ethertype   = 0026 (unknown)
ETHER:

ETHER:  ----- Ether Header -----
ETHER:
ETHER:  Packet 55
ETHER:  Packet size = 60 bytes
ETHER:  Destination = 1:80:c2:0:0:0
ETHER:  Source      = 0:4:9a:c7:3c:4c
ETHER:  Ethertype   = 0026 (unknown)
ETHER:

ETHER:  ----- Ether Header -----
ETHER:
ETHER:  Packet 56
ETHER:  Packet size = 92 bytes
ETHER:  Destination = ff:ff:ff:ff:ff:ff
ETHER:  Source      = 0:16:cb:a7:d:f8
ETHER:  Ethertype   = 0800 (IP)
ETHER:
IP:  ----- IP Header -----
IP:
IP:  Version = 4
IP:  Header length = 20 bytes
IP:  Type of service = 0
IP:  Total length = 78 bytes
IP:  Identification = 7951
IP:  Flags
IP:    .0.. .... = allow fragment
IP:    ..0. .... = last fragment
IP:  Fragment offset = 0 bytes
IP:  Protocol = 17 (UDP)
IP:  Header checksum = e513
IP:  Source address = 192.168.122.44
IP:  Destination address = 192.168.122.255
IP:  No options
IP:
UDP:  ----- UDP Header -----
UDP: 
UDP:  Source port = 60922
UDP:  Destination port = 137
UDP:  Message length = 58
UDP:  Checksum = ed4e
UDP:

ETHER:  ----- Ether Header -----
ETHER:
ETHER:  Packet 57
ETHER:  Packet size = 60 bytes
ETHER:  Destination = ff:ff:ff:ff:ff:ff
ETHER:  Source      = 0:1:2:35:ca:92
ETHER:  Ethertype   = 0806 (ARP)
ETHER:
ARP:  ----- ARP Frame -----
ARP:  
ARP:  Hardware type = 1 (Ethernet)
ARP:  Protocol type = 0800 (IP)
ARP:  Length of hardware address = 6 bytes
ARP:  Length of protocol address = 4 bytes
ARP:  Opcode 1 (ARP Request)
ARP:  Sender's hardware address = 0:1:2:35:ca:92
ARP:  Sender's protocol address = 192.168.122.114
ARP:  Target hardware address = ?
ARP:  Target protocol address = 192.168.122.44
ARP:

ETHER:  ----- Ether Header -----
ETHER:
ETHER:  Packet 58
ETHER:  Packet size = 92 bytes
ETHER:  Destination = ff:ff:ff:ff:ff:ff
ETHER:  Source      = 0:16:cb:a7:d:f8
ETHER:  Ethertype   = 0800 (IP)
ETHER:
IP:  ----- IP Header -----
IP:
IP:  Version = 4
IP:  Header length = 20 bytes
IP:  Type of service = 0
IP:  Total length = 78 bytes
IP:  Identification = 7954
IP:  Flags
IP:    .0.. .... = allow fragment
IP:    ..0. .... = last fragment
IP:  Fragment offset = 0 bytes
IP:  Protocol = 17 (UDP)
IP:  Header checksum = e510
IP:  Source address = 192.168.122.44
IP:  Destination address = 192.168.122.255
IP:  No options
IP:
UDP:  ----- UDP Header -----
UDP: 
UDP:  Source port = 60923
UDP:  Destination port = 137
UDP:  Message length = 58
UDP:  Checksum = d681
UDP:

ETHER:  ----- Ether Header -----
ETHER:
ETHER:  Packet 59
ETHER:  Packet size = 92 bytes
ETHER:  Destination = ff:ff:ff:ff:ff:ff
ETHER:  Source      = 0:16:cb:a7:d:f8
ETHER:  Ethertype   = 0800 (IP)
ETHER:
IP:  ----- IP Header -----
IP:
IP:  Version = 4
IP:  Header length = 20 bytes
IP:  Type of service = 0
IP:  Total length = 78 bytes
IP:  Identification = 7982
IP:  Flags
IP:    .0.. .... = allow fragment
IP:    ..0. .... = last fragment
IP:  Fragment offset = 0 bytes
IP:  Protocol = 17 (UDP)
IP:  Header checksum = e4f4
IP:  Source address = 192.168.122.44
IP:  Destination address = 192.168.122.255
IP:  No options
IP:
UDP:  ----- UDP Header -----
UDP: 
UDP:  Source port = 60923
UDP:  Destination port = 137
UDP:  Message length = 58
UDP:  Checksum = d681
UDP:

ETHER:  ----- Ether Header -----
ETHER:
ETHER:  Packet 60
ETHER:  Packet size = 60 bytes
ETHER:  Destination = 1:80:c2:0:0:0
ETHER:  Source      = 0:4:9a:c7:3c:4c
ETHER:  Ethertype   = 0026 (unknown)
ETHER:

ETHER:  ----- Ether Header -----
ETHER:
ETHER:  Packet 61
ETHER:  Packet size = 92 bytes
ETHER:  Destination = ff:ff:ff:ff:ff:ff
ETHER:  Source      = 0:16:cb:a7:d:f8
ETHER:  Ethertype   = 0800 (IP)
ETHER:
IP:  ----- IP Header -----
IP:
IP:  Version = 4
IP:  Header length = 20 bytes
IP:  Type of service = 0
IP:  Total length = 78 bytes
IP:  Identification = 7984
IP:  Flags
IP:    .0.. .... = allow fragment
IP:    ..0. .... = last fragment
IP:  Fragment offset = 0 bytes
IP:  Protocol = 17 (UDP)
IP:  Header checksum = e4f2
IP:  Source address = 192.168.122.44
IP:  Destination address = 192.168.122.255
IP:  No options
IP:
UDP:  ----- UDP Header -----
UDP: 
UDP:  Source port = 60923
UDP:  Destination port = 137
UDP:  Message length = 58
UDP:  Checksum = d681
UDP:

ETHER:  ----- Ether Header -----
ETHER:
ETHER:  Packet 62
ETHER:  Packet size = 92 bytes
ETHER:  Destination = ff:ff:ff:ff:ff:ff
ETHER:  Source      = 0:16:cb:a7:d:f8
ETHER:  Ethertype   = 0800 (IP)
ETHER:
IP:  ----- IP Header -----
IP:
IP:  Version = 4
IP:  Header length = 20 bytes
IP:  Type of service = 0
IP:  Total length = 78 bytes
IP:  Identification = 7989
IP:  Flags
IP:    .0.. .... = allow fragment
IP:    ..0. .... = last fragment
IP:  Fragment offset = 0 bytes
IP:  Protocol = 17 (UDP)
IP:  Header checksum = e4ed
IP:  Source address = 192.168.122.44
IP:  Destination address = 192.168.122.255
IP:  No options
IP:
UDP:  ----- UDP Header -----
UDP: 
UDP:  Source port = 60928
UDP:  Destination port = 137
UDP:  Message length = 58
UDP:  Checksum = d687
UDP:

ETHER:  ----- Ether Header -----
ETHER:
ETHER:  Packet 63
ETHER:  Packet size = 92 bytes
ETHER:  Destination = ff:ff:ff:ff:ff:ff
ETHER:  Source      = 0:16:cb:a7:d:f8
ETHER:  Ethertype   = 0800 (IP)
ETHER:
IP:  ----- IP Header -----
IP:
IP:  Version = 4
IP:  Header length = 20 bytes
IP:  Type of service = 0
IP:  Total length = 78 bytes
IP:  Identification = 7990
IP:  Flags
IP:    .0.. .... = allow fragment
IP:    ..0. .... = last fragment
IP:  Fragment offset = 0 bytes
IP:  Protocol = 17 (UDP)
IP:  Header checksum = e4ec
IP:  Source address = 192.168.122.44
IP:  Destination address = 192.168.122.255
IP:  No options
IP:
UDP:  ----- UDP Header -----
UDP: 
UDP:  Source port = 60929
UDP:  Destination port = 137
UDP:  Message length = 58
UDP:  Checksum = 1718
UDP:

ETHER:  ----- Ether Header -----
ETHER:
ETHER:  Packet 64
ETHER:  Packet size = 60 bytes
ETHER:  Destination = ff:ff:ff:ff:ff:ff
ETHER:  Source      = 0:e0:b8:6c:fc:3c
ETHER:  Ethertype   = 0806 (ARP)
ETHER:
ARP:  ----- ARP Frame -----
ARP:  
ARP:  Hardware type = 1 (Ethernet)
ARP:  Protocol type = 0800 (IP)
ARP:  Length of hardware address = 6 bytes
ARP:  Length of protocol address = 4 bytes
ARP:  Opcode 1 (ARP Request)
ARP:  Sender's hardware address = 0:e0:b8:6c:fc:3c
ARP:  Sender's protocol address = 192.168.122.152
ARP:  Target hardware address = ?
ARP:  Target protocol address = 192.168.122.44
ARP:

ETHER:  ----- Ether Header -----
ETHER:
ETHER:  Packet 65
ETHER:  Packet size = 92 bytes
ETHER:  Destination = ff:ff:ff:ff:ff:ff
ETHER:  Source      = 0:16:cb:a7:d:f8
ETHER:  Ethertype   = 0800 (IP)
ETHER:
IP:  ----- IP Header -----
IP:
IP:  Version = 4
IP:  Header length = 20 bytes
IP:  Type of service = 0
IP:  Total length = 78 bytes
IP:  Identification = 7991
IP:  Flags
IP:    .0.. .... = allow fragment
IP:    ..0. .... = last fragment
IP:  Fragment offset = 0 bytes
IP:  Protocol = 17 (UDP)
IP:  Header checksum = e4eb
IP:  Source address = 192.168.122.44
IP:  Destination address = 192.168.122.255
IP:  No options
IP:
UDP:  ----- UDP Header -----
UDP: 
UDP:  Source port = 60928
UDP:  Destination port = 137
UDP:  Message length = 58
UDP:  Checksum = d687
UDP:

ETHER:  ----- Ether Header -----
ETHER:
ETHER:  Packet 66
ETHER:  Packet size = 92 bytes
ETHER:  Destination = ff:ff:ff:ff:ff:ff
ETHER:  Source      = 0:16:cb:a7:d:f8
ETHER:  Ethertype   = 0800 (IP)
ETHER:
IP:  ----- IP Header -----
IP:
IP:  Version = 4
IP:  Header length = 20 bytes
IP:  Type of service = 0
IP:  Total length = 78 bytes
IP:  Identification = 7993
IP:  Flags
IP:    .0.. .... = allow fragment
IP:    ..0. .... = last fragment
IP:  Fragment offset = 0 bytes
IP:  Protocol = 17 (UDP)
IP:  Header checksum = e4e9
IP:  Source address = 192.168.122.44
IP:  Destination address = 192.168.122.255
IP:  No options
IP:
UDP:  ----- UDP Header -----
UDP: 
UDP:  Source port = 60930
UDP:  Destination port = 137
UDP:  Message length = 58
UDP:  Checksum = ae78
UDP:

ETHER:  ----- Ether Header -----
ETHER:
ETHER:  Packet 67
ETHER:  Packet size = 92 bytes
ETHER:  Destination = ff:ff:ff:ff:ff:ff
ETHER:  Source      = 0:16:cb:a7:d:f8
ETHER:  Ethertype   = 0800 (IP)
ETHER:
IP:  ----- IP Header -----
IP:
IP:  Version = 4
IP:  Header length = 20 bytes
IP:  Type of service = 0
IP:  Total length = 78 bytes
IP:  Identification = 7994
IP:  Flags
IP:    .0.. .... = allow fragment
IP:    ..0. .... = last fragment
IP:  Fragment offset = 0 bytes
IP:  Protocol = 17 (UDP)
IP:  Header checksum = e4e8
IP:  Source address = 192.168.122.44
IP:  Destination address = 192.168.122.255
IP:  No options
IP:
UDP:  ----- UDP Header -----
UDP: 
UDP:  Source port = 60928
UDP:  Destination port = 137
UDP:  Message length = 58
UDP:  Checksum = d687
UDP:

ETHER:  ----- Ether Header -----
ETHER:
ETHER:  Packet 68
ETHER:  Packet size = 60 bytes
ETHER:  Destination = 1:80:c2:0:0:0
ETHER:  Source      = 0:4:9a:c7:3c:4c
ETHER:  Ethertype   = 0026 (unknown)
ETHER:

ETHER:  ----- Ether Header -----
ETHER:
ETHER:  Packet 69
ETHER:  Packet size = 243 bytes
ETHER:  Destination = ff:ff:ff:ff:ff:ff
ETHER:  Source      = 0:15:c5:8:69:7d
ETHER:  Ethertype   = 0800 (IP)
ETHER:
IP:  ----- IP Header -----
IP:
IP:  Version = 4
IP:  Header length = 20 bytes
IP:  Type of service = 0
IP:  Total length = 229 bytes
IP:  Identification = 31660
IP:  Flags
IP:    .0.. .... = allow fragment
IP:    ..0. .... = last fragment
IP:  Fragment offset = 0 bytes
IP:  Protocol = 17 (UDP)
IP:  Header checksum = 4772
IP:  Source address = 192.168.122.153
IP:  Destination address = 192.168.122.255
IP:  No options
IP:
UDP:  ----- UDP Header -----
UDP: 
UDP:  Source port = 138
UDP:  Destination port = 138
UDP:  Message length = 209
UDP:  Checksum = 2375
UDP:

ETHER:  ----- Ether Header -----
ETHER:
ETHER:  Packet 70
ETHER:  Packet size = 60 bytes
ETHER:  Destination = 1:80:c2:0:0:0
ETHER:  Source      = 0:4:9a:c7:3c:4c
ETHER:  Ethertype   = 0026 (unknown)
ETHER:

ETHER:  ----- Ether Header -----
ETHER:
ETHER:  Packet 71
ETHER:  Packet size = 60 bytes
ETHER:  Destination = 1:80:c2:0:0:0
ETHER:  Source      = 0:4:9a:c7:3c:4c
ETHER:  Ethertype   = 0026 (unknown)
ETHER:

ETHER:  ----- Ether Header -----
ETHER:
ETHER:  Packet 72
ETHER:  Packet size = 60 bytes
ETHER:  Destination = 1:80:c2:0:0:0
ETHER:  Source      = 0:4:9a:c7:3c:4c
ETHER:  Ethertype   = 0026 (unknown)
ETHER:

ETHER:  ----- Ether Header -----
ETHER:
ETHER:  Packet 73
ETHER:  Packet size = 60 bytes
ETHER:  Destination = 1:80:c2:0:0:0
ETHER:  Source      = 0:4:9a:c7:3c:4c
ETHER:  Ethertype   = 0026 (unknown)
ETHER:

ETHER:  ----- Ether Header -----
ETHER:
ETHER:  Packet 74
ETHER:  Packet size = 60 bytes
ETHER:  Destination = 1:80:c2:0:0:0
ETHER:  Source      = 0:4:9a:c7:3c:4c
ETHER:  Ethertype   = 0026 (unknown)
ETHER:

ETHER:  ----- Ether Header -----
ETHER:
ETHER:  Packet 75
ETHER:  Packet size = 60 bytes
ETHER:  Destination = 1:80:c2:0:0:0
ETHER:  Source      = 0:4:9a:c7:3c:4c
ETHER:  Ethertype   = 0026 (unknown)
ETHER:

ETHER:  ----- Ether Header -----
ETHER:
ETHER:  Packet 76
ETHER:  Packet size = 60 bytes
ETHER:  Destination = 1:80:c2:0:0:0
ETHER:  Source      = 0:4:9a:c7:3c:4c
ETHER:  Ethertype   = 0026 (unknown)
ETHER:

ETHER:  ----- Ether Header -----
ETHER:
ETHER:  Packet 77
ETHER:  Packet size = 60 bytes
ETHER:  Destination = 1:80:c2:0:0:0
ETHER:  Source      = 0:4:9a:c7:3c:4c
ETHER:  Ethertype   = 0026 (unknown)
ETHER:

ETHER:  ----- Ether Header -----
ETHER:
ETHER:  Packet 78
ETHER:  Packet size = 60 bytes
ETHER:  Destination = 1:80:c2:0:0:0
ETHER:  Source      = 0:4:9a:c7:3c:4c
ETHER:  Ethertype   = 0026 (unknown)
ETHER:

ETHER:  ----- Ether Header -----
ETHER:
ETHER:  Packet 79
ETHER:  Packet size = 60 bytes
ETHER:  Destination = 1:80:c2:0:0:0
ETHER:  Source      = 0:4:9a:c7:3c:4c
ETHER:  Ethertype   = 0026 (unknown)
ETHER:

ETHER:  ----- Ether Header -----
ETHER:
ETHER:  Packet 80
ETHER:  Packet size = 92 bytes
ETHER:  Destination = ff:ff:ff:ff:ff:ff
ETHER:  Source      = 0:16:cb:a7:d:f8
ETHER:  Ethertype   = 0800 (IP)
ETHER:
IP:  ----- IP Header -----
IP:
IP:  Version = 4
IP:  Header length = 20 bytes
IP:  Type of service = 0
IP:  Total length = 78 bytes
IP:  Identification = 8014
IP:  Flags
IP:    .0.. .... = allow fragment
IP:    ..0. .... = last fragment
IP:  Fragment offset = 0 bytes
IP:  Protocol = 17 (UDP)
IP:  Header checksum = e4d4
IP:  Source address = 192.168.122.44
IP:  Destination address = 192.168.122.255
IP:  No options
IP:
UDP:  ----- UDP Header -----
UDP: 
UDP:  Source port = 60931
UDP:  Destination port = 137
UDP:  Message length = 58
UDP:  Checksum = d8e0
UDP:

ETHER:  ----- Ether Header -----
ETHER:
ETHER:  Packet 81
ETHER:  Packet size = 92 bytes
ETHER:  Destination = ff:ff:ff:ff:ff:ff
ETHER:  Source      = 0:16:cb:a7:d:f8
ETHER:  Ethertype   = 0800 (IP)
ETHER:
IP:  ----- IP Header -----
IP:
IP:  Version = 4
IP:  Header length = 20 bytes
IP:  Type of service = 0
IP:  Total length = 78 bytes
IP:  Identification = 8016
IP:  Flags
IP:    .0.. .... = allow fragment
IP:    ..0. .... = last fragment
IP:  Fragment offset = 0 bytes
IP:  Protocol = 17 (UDP)
IP:  Header checksum = e4d2
IP:  Source address = 192.168.122.44
IP:  Destination address = 192.168.122.255
IP:  No options
IP:
UDP:  ----- UDP Header -----
UDP: 
UDP:  Source port = 60933
UDP:  Destination port = 137
UDP:  Message length = 58
UDP:  Checksum = eea5
UDP:

ETHER:  ----- Ether Header -----
ETHER:
ETHER:  Packet 82
ETHER:  Packet size = 60 bytes
ETHER:  Destination = 1:80:c2:0:0:0
ETHER:  Source      = 0:4:9a:c7:3c:4c
ETHER:  Ethertype   = 0026 (unknown)
ETHER:

ETHER:  ----- Ether Header -----
ETHER:
ETHER:  Packet 83
ETHER:  Packet size = 60 bytes
ETHER:  Destination = ff:ff:ff:ff:ff:ff
ETHER:  Source      = 0:c:f1:d6:f1:c1
ETHER:  Ethertype   = 0806 (ARP)
ETHER:
ARP:  ----- ARP Frame -----
ARP:  
ARP:  Hardware type = 1 (Ethernet)
ARP:  Protocol type = 0800 (IP)
ARP:  Length of hardware address = 6 bytes
ARP:  Length of protocol address = 4 bytes
ARP:  Opcode 1 (ARP Request)
ARP:  Sender's hardware address = 0:c:f1:d6:f1:c1
ARP:  Sender's protocol address = 192.168.122.166
ARP:  Target hardware address = ?
ARP:  Target protocol address = 192.168.122.1
ARP:

ETHER:  ----- Ether Header -----
ETHER:
ETHER:  Packet 84
ETHER:  Packet size = 60 bytes
ETHER:  Destination = 1:80:c2:0:0:0
ETHER:  Source      = 0:4:9a:c7:3c:4c
ETHER:  Ethertype   = 0026 (unknown)
ETHER:

ETHER:  ----- Ether Header -----
ETHER:
ETHER:  Packet 85
ETHER:  Packet size = 60 bytes
ETHER:  Destination = 1:80:c2:0:0:0
ETHER:  Source      = 0:4:9a:c7:3c:4c
ETHER:  Ethertype   = 0026 (unknown)
ETHER:

ETHER:  ----- Ether Header -----
ETHER:
ETHER:  Packet 86
ETHER:  Packet size = 60 bytes
ETHER:  Destination = 1:80:c2:0:0:0
ETHER:  Source      = 0:4:9a:c7:3c:4c
ETHER:  Ethertype   = 0026 (unknown)
ETHER:

ETHER:  ----- Ether Header -----
ETHER:
ETHER:  Packet 87
ETHER:  Packet size = 60 bytes
ETHER:  Destination = 1:80:c2:0:0:0
ETHER:  Source      = 0:4:9a:c7:3c:4c
ETHER:  Ethertype   = 0026 (unknown)
ETHER:

ETHER:  ----- Ether Header -----
ETHER:
ETHER:  Packet 88
ETHER:  Packet size = 407 bytes
ETHER:  Destination = 1:0:c:cc:cc:cc
ETHER:  Source      = 0:4:9a:c7:3c:4c
ETHER:  Ethertype   = 0189 (unknown)
ETHER:

ETHER:  ----- Ether Header -----
ETHER:
ETHER:  Packet 89
ETHER:  Packet size = 60 bytes
ETHER:  Destination = 1:80:c2:0:0:0
ETHER:  Source      = 0:4:9a:c7:3c:4c
ETHER:  Ethertype   = 0026 (unknown)
ETHER:

ETHER:  ----- Ether Header -----
ETHER:
ETHER:  Packet 90
ETHER:  Packet size = 60 bytes
ETHER:  Destination = 1:80:c2:0:0:0
ETHER:  Source      = 0:4:9a:c7:3c:4c
ETHER:  Ethertype   = 0026 (unknown)
ETHER:

ETHER:  ----- Ether Header -----
ETHER:
ETHER:  Packet 91
ETHER:  Packet size = 60 bytes
ETHER:  Destination = 1:80:c2:0:0:0
ETHER:  Source      = 0:4:9a:c7:3c:4c
ETHER:  Ethertype   = 0026 (unknown)
ETHER:

ETHER:  ----- Ether Header -----
ETHER:
ETHER:  Packet 92
ETHER:  Packet size = 60 bytes
ETHER:  Destination = 1:80:c2:0:0:0
ETHER:  Source      = 0:4:9a:c7:3c:4c
ETHER:  Ethertype   = 0026 (unknown)
ETHER:

ETHER:  ----- Ether Header -----
ETHER:
ETHER:  Packet 93
ETHER:  Packet size = 60 bytes
ETHER:  Destination = 1:80:c2:0:0:0
ETHER:  Source      = 0:4:9a:c7:3c:4c
ETHER:  Ethertype   = 0026 (unknown)
ETHER:

ETHER:  ----- Ether Header -----
ETHER:
ETHER:  Packet 94
ETHER:  Packet size = 60 bytes
ETHER:  Destination = 1:80:c2:0:0:0
ETHER:  Source      = 0:4:9a:c7:3c:4c
ETHER:  Ethertype   = 0026 (unknown)
ETHER:

ETHER:  ----- Ether Header -----
ETHER:
ETHER:  Packet 95
ETHER:  Packet size = 60 bytes
ETHER:  Destination = 1:80:c2:0:0:0
ETHER:  Source      = 0:4:9a:c7:3c:4c
ETHER:  Ethertype   = 0026 (unknown)
ETHER:

ETHER:  ----- Ether Header -----
ETHER:
ETHER:  Packet 96
ETHER:  Packet size = 60 bytes
ETHER:  Destination = 1:80:c2:0:0:0
ETHER:  Source      = 0:4:9a:c7:3c:4c
ETHER:  Ethertype   = 0026 (unknown)
ETHER:

ETHER:  ----- Ether Header -----
ETHER:
ETHER:  Packet 97
ETHER:  Packet size = 60 bytes
ETHER:  Destination = 1:80:c2:0:0:0
ETHER:  Source      = 0:4:9a:c7:3c:4c
ETHER:  Ethertype   = 0026 (unknown)
ETHER:

ETHER:  ----- Ether Header -----
ETHER:
ETHER:  Packet 98
ETHER:  Packet size = 60 bytes
ETHER:  Destination = 1:80:c2:0:0:0
ETHER:  Source      = 0:4:9a:c7:3c:4c
ETHER:  Ethertype   = 0026 (unknown)
ETHER:

ETHER:  ----- Ether Header -----
ETHER:
ETHER:  Packet 99
ETHER:  Packet size = 60 bytes
ETHER:  Destination = 1:80:c2:0:0:0
ETHER:  Source      = 0:4:9a:c7:3c:4c
ETHER:  Ethertype   = 0026 (unknown)
ETHER:

ETHER:  ----- Ether Header -----
ETHER:
ETHER:  Packet 100
ETHER:  Packet size = 60 bytes
ETHER:  Destination = 1:80:c2:0:0:0
ETHER:  Source      = 0:4:9a:c7:3c:4c
ETHER:  Ethertype   = 0026 (unknown)
ETHER:

ETHER:  ----- Ether Header -----
ETHER:
ETHER:  Packet 101
ETHER:  Packet size = 257 bytes
ETHER:  Destination = ff:ff:ff:ff:ff:ff
ETHER:  Source      = 0:e0:b8:6c:fc:3c
ETHER:  Ethertype   = 0800 (IP)
ETHER:
IP:  ----- IP Header -----
IP:
IP:  Version = 4
IP:  Header length = 20 bytes
IP:  Type of service = 0
IP:  Total length = 243 bytes
IP:  Identification = 20916
IP:  Flags
IP:    .0.. .... = allow fragment
IP:    ..0. .... = last fragment
IP:  Fragment offset = 0 bytes
IP:  Protocol = 17 (UDP)
IP:  Header checksum = 715d
IP:  Source address = 192.168.122.152
IP:  Destination address = 192.168.122.255
IP:  No options
IP:
UDP:  ----- UDP Header -----
UDP: 
UDP:  Source port = 138
UDP:  Destination port = 138
UDP:  Message length = 223
UDP:  Checksum = 4675
UDP:

ETHER:  ----- Ether Header -----
ETHER:
ETHER:  Packet 102
ETHER:  Packet size = 60 bytes
ETHER:  Destination = 1:80:c2:0:0:0
ETHER:  Source      = 0:4:9a:c7:3c:4c
ETHER:  Ethertype   = 0026 (unknown)
ETHER:

ETHER:  ----- Ether Header -----
ETHER:
ETHER:  Packet 103
ETHER:  Packet size = 60 bytes
ETHER:  Destination = 1:80:c2:0:0:0
ETHER:  Source      = 0:4:9a:c7:3c:4c
ETHER:  Ethertype   = 0026 (unknown)
ETHER:

ETHER:  ----- Ether Header -----
ETHER:
ETHER:  Packet 104
ETHER:  Packet size = 60 bytes
ETHER:  Destination = 1:80:c2:0:0:0
ETHER:  Source      = 0:4:9a:c7:3c:4c
ETHER:  Ethertype   = 0026 (unknown)
ETHER:

ETHER:  ----- Ether Header -----
ETHER:
ETHER:  Packet 105
ETHER:  Packet size = 60 bytes
ETHER:  Destination = 1:80:c2:0:0:0
ETHER:  Source      = 0:4:9a:c7:3c:4c
ETHER:  Ethertype   = 0026 (unknown)
ETHER:

ETHER:  ----- Ether Header -----
ETHER:
ETHER:  Packet 106
ETHER:  Packet size = 60 bytes
ETHER:  Destination = 1:80:c2:0:0:0
ETHER:  Source      = 0:4:9a:c7:3c:4c
ETHER:  Ethertype   = 0026 (unknown)
ETHER:

ETHER:  ----- Ether Header -----
ETHER:
ETHER:  Packet 107
ETHER:  Packet size = 60 bytes
ETHER:  Destination = 1:80:c2:0:0:0
ETHER:  Source      = 0:4:9a:c7:3c:4c
ETHER:  Ethertype   = 0026 (unknown)
ETHER:

ETHER:  ----- Ether Header -----
ETHER:
ETHER:  Packet 108
ETHER:  Packet size = 60 bytes
ETHER:  Destination = ff:ff:ff:ff:ff:ff
ETHER:  Source      = 0:1:2:35:ca:92
ETHER:  Ethertype   = 0806 (ARP)
ETHER:
ARP:  ----- ARP Frame -----
ARP:  
ARP:  Hardware type = 1 (Ethernet)
ARP:  Protocol type = 0800 (IP)
ARP:  Length of hardware address = 6 bytes
ARP:  Length of protocol address = 4 bytes
ARP:  Opcode 1 (ARP Request)
ARP:  Sender's hardware address = 0:1:2:35:ca:92
ARP:  Sender's protocol address = 192.168.122.114
ARP:  Target hardware address = ?
ARP:  Target protocol address = 192.168.122.1
ARP:

ETHER:  ----- Ether Header -----
ETHER:
ETHER:  Packet 109
ETHER:  Packet size = 269 bytes
ETHER:  Destination = 3:0:0:0:0:1
ETHER:  Source      = 0:1:2:35:ca:92
ETHER:  Ethertype   = 00ff (unknown)
ETHER:

ETHER:  ----- Ether Header -----
ETHER:
ETHER:  Packet 110
ETHER:  Packet size = 92 bytes
ETHER:  Destination = ff:ff:ff:ff:ff:ff
ETHER:  Source      = 0:1:2:35:ca:92
ETHER:  Ethertype   = 0800 (IP)
ETHER:
IP:  ----- IP Header -----
IP:
IP:  Version = 4
IP:  Header length = 20 bytes
IP:  Type of service = 0
IP:  Total length = 78 bytes
IP:  Identification = 10272
IP:  Flags
IP:    .0.. .... = allow fragment
IP:    ..0. .... = last fragment
IP:  Fragment offset = 0 bytes
IP:  Protocol = 17 (UDP)
IP:  Header checksum = 9bbc
IP:  Source address = 192.168.122.114
IP:  Destination address = 192.168.122.255
IP:  No options
IP:
UDP:  ----- UDP Header -----
UDP: 
UDP:  Source port = 137
UDP:  Destination port = 137
UDP:  Message length = 58
UDP:  Checksum = 577c
UDP:

ETHER:  ----- Ether Header -----
ETHER:
ETHER:  Packet 111
ETHER:  Packet size = 92 bytes
ETHER:  Destination = ff:ff:ff:ff:ff:ff
ETHER:  Source      = 0:1:2:35:ca:92
ETHER:  Ethertype   = 0800 (IP)
ETHER:
IP:  ----- IP Header -----
IP:
IP:  Version = 4
IP:  Header length = 20 bytes
IP:  Type of service = 0
IP:  Total length = 78 bytes
IP:  Identification = 10273
IP:  Flags
IP:    .0.. .... = allow fragment
IP:    ..0. .... = last fragment
IP:  Fragment offset = 0 bytes
IP:  Protocol = 17 (UDP)
IP:  Header checksum = 9bbb
IP:  Source address = 192.168.122.114
IP:  Destination address = 192.168.122.255
IP:  No options
IP:
UDP:  ----- UDP Header -----
UDP: 
UDP:  Source port = 137
UDP:  Destination port = 137
UDP:  Message length = 58
UDP:  Checksum = 577c
UDP:

ETHER:  ----- Ether Header -----
ETHER:
ETHER:  Packet 112
ETHER:  Packet size = 92 bytes
ETHER:  Destination = ff:ff:ff:ff:ff:ff
ETHER:  Source      = 0:1:2:35:ca:92
ETHER:  Ethertype   = 0800 (IP)
ETHER:
IP:  ----- IP Header -----
IP:
IP:  Version = 4
IP:  Header length = 20 bytes
IP:  Type of service = 0
IP:  Total length = 78 bytes
IP:  Identification = 10274
IP:  Flags
IP:    .0.. .... = allow fragment
IP:    ..0. .... = last fragment
IP:  Fragment offset = 0 bytes
IP:  Protocol = 17 (UDP)
IP:  Header checksum = 9bba
IP:  Source address = 192.168.122.114
IP:  Destination address = 192.168.122.255
IP:  No options
IP:
UDP:  ----- UDP Header -----
UDP: 
UDP:  Source port = 137
UDP:  Destination port = 137
UDP:  Message length = 58
UDP:  Checksum = 577c
UDP:

ETHER:  ----- Ether Header -----
ETHER:
ETHER:  Packet 113
ETHER:  Packet size = 60 bytes
ETHER:  Destination = 1:80:c2:0:0:0
ETHER:  Source      = 0:4:9a:c7:3c:4c
ETHER:  Ethertype   = 0026 (unknown)
ETHER:

ETHER:  ----- Ether Header -----
ETHER:
ETHER:  Packet 114
ETHER:  Packet size = 60 bytes
ETHER:  Destination = 1:80:c2:0:0:0
ETHER:  Source      = 0:4:9a:c7:3c:4c
ETHER:  Ethertype   = 0026 (unknown)
ETHER:

ETHER:  ----- Ether Header -----
ETHER:
ETHER:  Packet 115
ETHER:  Packet size = 269 bytes
ETHER:  Destination = 3:0:0:0:0:1
ETHER:  Source      = 0:1:2:35:ca:92
ETHER:  Ethertype   = 00ff (unknown)
ETHER:

ETHER:  ----- Ether Header -----
ETHER:
ETHER:  Packet 116
ETHER:  Packet size = 92 bytes
ETHER:  Destination = ff:ff:ff:ff:ff:ff
ETHER:  Source      = 0:1:2:35:ca:92
ETHER:  Ethertype   = 0800 (IP)
ETHER:
IP:  ----- IP Header -----
IP:
IP:  Version = 4
IP:  Header length = 20 bytes
IP:  Type of service = 0
IP:  Total length = 78 bytes
IP:  Identification = 10275
IP:  Flags
IP:    .0.. .... = allow fragment
IP:    ..0. .... = last fragment
IP:  Fragment offset = 0 bytes
IP:  Protocol = 17 (UDP)
IP:  Header checksum = 9bb9
IP:  Source address = 192.168.122.114
IP:  Destination address = 192.168.122.255
IP:  No options
IP:
UDP:  ----- UDP Header -----
UDP: 
UDP:  Source port = 137
UDP:  Destination port = 137
UDP:  Message length = 58
UDP:  Checksum = 5779
UDP:

ETHER:  ----- Ether Header -----
ETHER:
ETHER:  Packet 117
ETHER:  Packet size = 92 bytes
ETHER:  Destination = ff:ff:ff:ff:ff:ff
ETHER:  Source      = 0:1:2:35:ca:92
ETHER:  Ethertype   = 0800 (IP)
ETHER:
IP:  ----- IP Header -----
IP:
IP:  Version = 4
IP:  Header length = 20 bytes
IP:  Type of service = 0
IP:  Total length = 78 bytes
IP:  Identification = 10276
IP:  Flags
IP:    .0.. .... = allow fragment
IP:    ..0. .... = last fragment
IP:  Fragment offset = 0 bytes
IP:  Protocol = 17 (UDP)
IP:  Header checksum = 9bb8
IP:  Source address = 192.168.122.114
IP:  Destination address = 192.168.122.255
IP:  No options
IP:
UDP:  ----- UDP Header -----
UDP: 
UDP:  Source port = 137
UDP:  Destination port = 137
UDP:  Message length = 58
UDP:  Checksum = 5779
UDP:

ETHER:  ----- Ether Header -----
ETHER:
ETHER:  Packet 118
ETHER:  Packet size = 60 bytes
ETHER:  Destination = 1:80:c2:0:0:0
ETHER:  Source      = 0:4:9a:c7:3c:4c
ETHER:  Ethertype   = 0026 (unknown)
ETHER:

ETHER:  ----- Ether Header -----
ETHER:
ETHER:  Packet 119
ETHER:  Packet size = 92 bytes
ETHER:  Destination = ff:ff:ff:ff:ff:ff
ETHER:  Source      = 0:1:2:35:ca:92
ETHER:  Ethertype   = 0800 (IP)
ETHER:
IP:  ----- IP Header -----
IP:
IP:  Version = 4
IP:  Header length = 20 bytes
IP:  Type of service = 0
IP:  Total length = 78 bytes
IP:  Identification = 10277
IP:  Flags
IP:    .0.. .... = allow fragment
IP:    ..0. .... = last fragment
IP:  Fragment offset = 0 bytes
IP:  Protocol = 17 (UDP)
IP:  Header checksum = 9bb7
IP:  Source address = 192.168.122.114
IP:  Destination address = 192.168.122.255
IP:  No options
IP:
UDP:  ----- UDP Header -----
UDP: 
UDP:  Source port = 137
UDP:  Destination port = 137
UDP:  Message length = 58
UDP:  Checksum = 5779
UDP:

ETHER:  ----- Ether Header -----
ETHER:
ETHER:  Packet 120
ETHER:  Packet size = 60 bytes
ETHER:  Destination = 1:80:c2:0:0:0
ETHER:  Source      = 0:4:9a:c7:3c:4c
ETHER:  Ethertype   = 0026 (unknown)
ETHER:

ETHER:  ----- Ether Header -----
ETHER:
ETHER:  Packet 121
ETHER:  Packet size = 60 bytes
ETHER:  Destination = 1:80:c2:0:0:0
ETHER:  Source      = 0:4:9a:c7:3c:4c
ETHER:  Ethertype   = 0026 (unknown)
ETHER:

ETHER:  ----- Ether Header -----
ETHER:
ETHER:  Packet 122
ETHER:  Packet size = 269 bytes
ETHER:  Destination = 3:0:0:0:0:1
ETHER:  Source      = 0:1:2:35:ca:92
ETHER:  Ethertype   = 00ff (unknown)
ETHER:

ETHER:  ----- Ether Header -----
ETHER:
ETHER:  Packet 123
ETHER:  Packet size = 92 bytes
ETHER:  Destination = ff:ff:ff:ff:ff:ff
ETHER:  Source      = 0:1:2:35:ca:92
ETHER:  Ethertype   = 0800 (IP)
ETHER:
IP:  ----- IP Header -----
IP:
IP:  Version = 4
IP:  Header length = 20 bytes
IP:  Type of service = 0
IP:  Total length = 78 bytes
IP:  Identification = 10278
IP:  Flags
IP:    .0.. .... = allow fragment
IP:    ..0. .... = last fragment
IP:  Fragment offset = 0 bytes
IP:  Protocol = 17 (UDP)
IP:  Header checksum = 9bb6
IP:  Source address = 192.168.122.114
IP:  Destination address = 192.168.122.255
IP:  No options
IP:
UDP:  ----- UDP Header -----
UDP: 
UDP:  Source port = 137
UDP:  Destination port = 137
UDP:  Message length = 58
UDP:  Checksum = 5776
UDP:

ETHER:  ----- Ether Header -----
ETHER:
ETHER:  Packet 124
ETHER:  Packet size = 92 bytes
ETHER:  Destination = ff:ff:ff:ff:ff:ff
ETHER:  Source      = 0:1:2:35:ca:92
ETHER:  Ethertype   = 0800 (IP)
ETHER:
IP:  ----- IP Header -----
IP:
IP:  Version = 4
IP:  Header length = 20 bytes
IP:  Type of service = 0
IP:  Total length = 78 bytes
IP:  Identification = 10279
IP:  Flags
IP:    .0.. .... = allow fragment
IP:    ..0. .... = last fragment
IP:  Fragment offset = 0 bytes
IP:  Protocol = 17 (UDP)
IP:  Header checksum = 9bb5
IP:  Source address = 192.168.122.114
IP:  Destination address = 192.168.122.255
IP:  No options
IP:
UDP:  ----- UDP Header -----
UDP: 
UDP:  Source port = 137
UDP:  Destination port = 137
UDP:  Message length = 58
UDP:  Checksum = 5776
UDP:

ETHER:  ----- Ether Header -----
ETHER:
ETHER:  Packet 125
ETHER:  Packet size = 92 bytes
ETHER:  Destination = ff:ff:ff:ff:ff:ff
ETHER:  Source      = 0:1:2:35:ca:92
ETHER:  Ethertype   = 0800 (IP)
ETHER:
IP:  ----- IP Header -----
IP:
IP:  Version = 4
IP:  Header length = 20 bytes
IP:  Type of service = 0
IP:  Total length = 78 bytes
IP:  Identification = 10280
IP:  Flags
IP:    .0.. .... = allow fragment
IP:    ..0. .... = last fragment
IP:  Fragment offset = 0 bytes
IP:  Protocol = 17 (UDP)
IP:  Header checksum = 9bb4
IP:  Source address = 192.168.122.114
IP:  Destination address = 192.168.122.255
IP:  No options
IP:
UDP:  ----- UDP Header -----
UDP: 
UDP:  Source port = 137
UDP:  Destination port = 137
UDP:  Message length = 58
UDP:  Checksum = 5776
UDP:

ETHER:  ----- Ether Header -----
ETHER:
ETHER:  Packet 126
ETHER:  Packet size = 60 bytes
ETHER:  Destination = 1:80:c2:0:0:0
ETHER:  Source      = 0:4:9a:c7:3c:4c
ETHER:  Ethertype   = 0026 (unknown)
ETHER:

ETHER:  ----- Ether Header -----
ETHER:
ETHER:  Packet 127
ETHER:  Packet size = 60 bytes
ETHER:  Destination = 1:80:c2:0:0:0
ETHER:  Source      = 0:4:9a:c7:3c:4c
ETHER:  Ethertype   = 0026 (unknown)
ETHER:

ETHER:  ----- Ether Header -----
ETHER:
ETHER:  Packet 128
ETHER:  Packet size = 60 bytes
ETHER:  Destination = 1:80:c2:0:0:0
ETHER:  Source      = 0:4:9a:c7:3c:4c
ETHER:  Ethertype   = 0026 (unknown)
ETHER:

ETHER:  ----- Ether Header -----
ETHER:
ETHER:  Packet 129
ETHER:  Packet size = 243 bytes
ETHER:  Destination = ff:ff:ff:ff:ff:ff
ETHER:  Source      = 0:14:22:ee:76:13
ETHER:  Ethertype   = 0800 (IP)
ETHER:
IP:  ----- IP Header -----
IP:
IP:  Version = 4
IP:  Header length = 20 bytes
IP:  Type of service = 0
IP:  Total length = 229 bytes
IP:  Identification = 6303
IP:  Flags
IP:    .0.. .... = allow fragment
IP:    ..0. .... = last fragment
IP:  Fragment offset = 0 bytes
IP:  Protocol = 17 (UDP)
IP:  Header checksum = aa90
IP:  Source address = 192.168.122.136
IP:  Destination address = 192.168.122.255
IP:  No options
IP:
UDP:  ----- UDP Header -----
UDP: 
UDP:  Source port = 138
UDP:  Destination port = 138
UDP:  Message length = 209
UDP:  Checksum = 7571
UDP:

ETHER:  ----- Ether Header -----
ETHER:
ETHER:  Packet 130
ETHER:  Packet size = 60 bytes
ETHER:  Destination = 1:80:c2:0:0:0
ETHER:  Source      = 0:4:9a:c7:3c:4c
ETHER:  Ethertype   = 0026 (unknown)
ETHER:

ETHER:  ----- Ether Header -----
ETHER:
ETHER:  Packet 131
ETHER:  Packet size = 60 bytes
ETHER:  Destination = 1:80:c2:0:0:0
ETHER:  Source      = 0:4:9a:c7:3c:4c
ETHER:  Ethertype   = 0026 (unknown)
ETHER:

ETHER:  ----- Ether Header -----
ETHER:
ETHER:  Packet 132
ETHER:  Packet size = 60 bytes
ETHER:  Destination = ff:ff:ff:ff:ff:ff
ETHER:  Source      = 0:14:22:ee:76:13
ETHER:  Ethertype   = 0806 (ARP)
ETHER:
ARP:  ----- ARP Frame -----
ARP:  
ARP:  Hardware type = 1 (Ethernet)
ARP:  Protocol type = 0800 (IP)
ARP:  Length of hardware address = 6 bytes
ARP:  Length of protocol address = 4 bytes
ARP:  Opcode 1 (ARP Request)
ARP:  Sender's hardware address = 0:14:22:ee:76:13
ARP:  Sender's protocol address = 192.168.122.136
ARP:  Target hardware address = ?
ARP:  Target protocol address = 192.168.122.1
ARP:

ETHER:  ----- Ether Header -----
ETHER:
ETHER:  Packet 133
ETHER:  Packet size = 60 bytes
ETHER:  Destination = 1:80:c2:0:0:0
ETHER:  Source      = 0:4:9a:c7:3c:4c
ETHER:  Ethertype   = 0026 (unknown)
ETHER:

ETHER:  ----- Ether Header -----
ETHER:
ETHER:  Packet 134
ETHER:  Packet size = 60 bytes
ETHER:  Destination = 1:80:c2:0:0:0
ETHER:  Source      = 0:4:9a:c7:3c:4c
ETHER:  Ethertype   = 0026 (unknown)
ETHER:

ETHER:  ----- Ether Header -----
ETHER:
ETHER:  Packet 135
ETHER:  Packet size = 407 bytes
ETHER:  Destination = 1:0:c:cc:cc:cc
ETHER:  Source      = 0:4:9a:c7:3c:4c
ETHER:  Ethertype   = 0189 (unknown)
ETHER:

ETHER:  ----- Ether Header -----
ETHER:
ETHER:  Packet 136
ETHER:  Packet size = 60 bytes
ETHER:  Destination = 1:80:c2:0:0:0
ETHER:  Source      = 0:4:9a:c7:3c:4c
ETHER:  Ethertype   = 0026 (unknown)
ETHER:

ETHER:  ----- Ether Header -----
ETHER:
ETHER:  Packet 137
ETHER:  Packet size = 60 bytes
ETHER:  Destination = 1:80:c2:0:0:0
ETHER:  Source      = 0:4:9a:c7:3c:4c
ETHER:  Ethertype   = 0026 (unknown)
ETHER:

ETHER:  ----- Ether Header -----
ETHER:
ETHER:  Packet 138
ETHER:  Packet size = 60 bytes
ETHER:  Destination = 1:80:c2:0:0:0
ETHER:  Source      = 0:4:9a:c7:3c:4c
ETHER:  Ethertype   = 0026 (unknown)
ETHER:

ETHER:  ----- Ether Header -----
ETHER:
ETHER:  Packet 139
ETHER:  Packet size = 60 bytes
ETHER:  Destination = 1:80:c2:0:0:0
ETHER:  Source      = 0:4:9a:c7:3c:4c
ETHER:  Ethertype   = 0026 (unknown)
ETHER:

ETHER:  ----- Ether Header -----
ETHER:
ETHER:  Packet 140
ETHER:  Packet size = 60 bytes
ETHER:  Destination = 1:80:c2:0:0:0
ETHER:  Source      = 0:4:9a:c7:3c:4c
ETHER:  Ethertype   = 0026 (unknown)
ETHER:

ETHER:  ----- Ether Header -----
ETHER:
ETHER:  Packet 141
ETHER:  Packet size = 60 bytes
ETHER:  Destination = 1:80:c2:0:0:0
ETHER:  Source      = 0:4:9a:c7:3c:4c
ETHER:  Ethertype   = 0026 (unknown)
ETHER:

ETHER:  ----- Ether Header -----
ETHER:
ETHER:  Packet 142
ETHER:  Packet size = 60 bytes
ETHER:  Destination = 1:80:c2:0:0:0
ETHER:  Source      = 0:4:9a:c7:3c:4c
ETHER:  Ethertype   = 0026 (unknown)
ETHER:

ETHER:  ----- Ether Header -----
ETHER:
ETHER:  Packet 143
ETHER:  Packet size = 60 bytes
ETHER:  Destination = 1:80:c2:0:0:0
ETHER:  Source      = 0:4:9a:c7:3c:4c
ETHER:  Ethertype   = 0026 (unknown)
ETHER:

ETHER:  ----- Ether Header -----
ETHER:
ETHER:  Packet 144
ETHER:  Packet size = 60 bytes
ETHER:  Destination = 1:80:c2:0:0:0
ETHER:  Source      = 0:4:9a:c7:3c:4c
ETHER:  Ethertype   = 0026 (unknown)
ETHER:

ETHER:  ----- Ether Header -----
ETHER:
ETHER:  Packet 145
ETHER:  Packet size = 60 bytes
ETHER:  Destination = 1:80:c2:0:0:0
ETHER:  Source      = 0:4:9a:c7:3c:4c
ETHER:  Ethertype   = 0026 (unknown)
ETHER:

ETHER:  ----- Ether Header -----
ETHER:
ETHER:  Packet 146
ETHER:  Packet size = 60 bytes
ETHER:  Destination = 1:80:c2:0:0:0
ETHER:  Source      = 0:4:9a:c7:3c:4c
ETHER:  Ethertype   = 0026 (unknown)
ETHER:

ETHER:  ----- Ether Header -----
ETHER:
ETHER:  Packet 147
ETHER:  Packet size = 60 bytes
ETHER:  Destination = 1:80:c2:0:0:0
ETHER:  Source      = 0:4:9a:c7:3c:4c
ETHER:  Ethertype   = 0026 (unknown)
ETHER:

ETHER:  ----- Ether Header -----
ETHER:
ETHER:  Packet 148
ETHER:  Packet size = 60 bytes
ETHER:  Destination = 1:80:c2:0:0:0
ETHER:  Source      = 0:4:9a:c7:3c:4c
ETHER:  Ethertype   = 0026 (unknown)
ETHER:

ETHER:  ----- Ether Header -----
ETHER:
ETHER:  Packet 149
ETHER:  Packet size = 60 bytes
ETHER:  Destination = 1:80:c2:0:0:0
ETHER:  Source      = 0:4:9a:c7:3c:4c
ETHER:  Ethertype   = 0026 (unknown)
ETHER:

ETHER:  ----- Ether Header -----
ETHER:
ETHER:  Packet 150
ETHER:  Packet size = 60 bytes
ETHER:  Destination = 1:80:c2:0:0:0
ETHER:  Source      = 0:4:9a:c7:3c:4c
ETHER:  Ethertype   = 0026 (unknown)
ETHER:

ETHER:  ----- Ether Header -----
ETHER:
ETHER:  Packet 151
ETHER:  Packet size = 60 bytes
ETHER:  Destination = 1:80:c2:0:0:0
ETHER:  Source      = 0:4:9a:c7:3c:4c
ETHER:  Ethertype   = 0026 (unknown)
ETHER:

ETHER:  ----- Ether Header -----
ETHER:
ETHER:  Packet 152
ETHER:  Packet size = 60 bytes
ETHER:  Destination = 1:80:c2:0:0:0
ETHER:  Source      = 0:4:9a:c7:3c:4c
ETHER:  Ethertype   = 0026 (unknown)
ETHER:

ETHER:  ----- Ether Header -----
ETHER:
ETHER:  Packet 153
ETHER:  Packet size = 60 bytes
ETHER:  Destination = 1:80:c2:0:0:0
ETHER:  Source      = 0:4:9a:c7:3c:4c
ETHER:  Ethertype   = 0026 (unknown)
ETHER:

ETHER:  ----- Ether Header -----
ETHER:
ETHER:  Packet 154
ETHER:  Packet size = 60 bytes
ETHER:  Destination = 1:80:c2:0:0:0
ETHER:  Source      = 0:4:9a:c7:3c:4c
ETHER:  Ethertype   = 0026 (unknown)
ETHER:

ETHER:  ----- Ether Header -----
ETHER:
ETHER:  Packet 155
ETHER:  Packet size = 60 bytes
ETHER:  Destination = 1:80:c2:0:0:0
ETHER:  Source      = 0:4:9a:c7:3c:4c
ETHER:  Ethertype   = 0026 (unknown)
ETHER:

ETHER:  ----- Ether Header -----
ETHER:
ETHER:  Packet 156
ETHER:  Packet size = 60 bytes
ETHER:  Destination = ff:ff:ff:ff:ff:ff
ETHER:  Source      = 0:30:c1:31:d7:c7
ETHER:  Ethertype   = 0806 (ARP)
ETHER:
ARP:  ----- ARP Frame -----
ARP:  
ARP:  Hardware type = 1 (Ethernet)
ARP:  Protocol type = 0800 (IP)
ARP:  Length of hardware address = 6 bytes
ARP:  Length of protocol address = 4 bytes
ARP:  Opcode 1 (ARP Request)
ARP:  Sender's hardware address = 0:30:c1:31:d7:c7
ARP:  Sender's protocol address = 192.168.122.37
ARP:  Target hardware address = ?
ARP:  Target protocol address = 192.168.122.1
ARP:

ETHER:  ----- Ether Header -----
ETHER:
ETHER:  Packet 157
ETHER:  Packet size = 60 bytes
ETHER:  Destination = 1:80:c2:0:0:0
ETHER:  Source      = 0:4:9a:c7:3c:4c
ETHER:  Ethertype   = 0026 (unknown)
ETHER:

ETHER:  ----- Ether Header -----
ETHER:
ETHER:  Packet 158
ETHER:  Packet size = 60 bytes
ETHER:  Destination = 1:80:c2:0:0:0
ETHER:  Source      = 0:4:9a:c7:3c:4c
ETHER:  Ethertype   = 0026 (unknown)
ETHER:

ETHER:  ----- Ether Header -----
ETHER:
ETHER:  Packet 159
ETHER:  Packet size = 60 bytes
ETHER:  Destination = 1:80:c2:0:0:0
ETHER:  Source      = 0:4:9a:c7:3c:4c
ETHER:  Ethertype   = 0026 (unknown)
ETHER:

ETHER:  ----- Ether Header -----
ETHER:
ETHER:  Packet 160
ETHER:  Packet size = 60 bytes
ETHER:  Destination = 1:80:c2:0:0:0
ETHER:  Source      = 0:4:9a:c7:3c:4c
ETHER:  Ethertype   = 0026 (unknown)
ETHER:

ETHER:  ----- Ether Header -----
ETHER:
ETHER:  Packet 161
ETHER:  Packet size = 60 bytes
ETHER:  Destination = 1:80:c2:0:0:0
ETHER:  Source      = 0:4:9a:c7:3c:4c
ETHER:  Ethertype   = 0026 (unknown)
ETHER:

ETHER:  ----- Ether Header -----
ETHER:
ETHER:  Packet 162
ETHER:  Packet size = 60 bytes
ETHER:  Destination = 1:80:c2:0:0:0
ETHER:  Source      = 0:4:9a:c7:3c:4c
ETHER:  Ethertype   = 0026 (unknown)
ETHER:

ETHER:  ----- Ether Header -----
ETHER:
ETHER:  Packet 163
ETHER:  Packet size = 60 bytes
ETHER:  Destination = 1:80:c2:0:0:0
ETHER:  Source      = 0:4:9a:c7:3c:4c
ETHER:  Ethertype   = 0026 (unknown)
ETHER:

ETHER:  ----- Ether Header -----
ETHER:
ETHER:  Packet 164
ETHER:  Packet size = 60 bytes
ETHER:  Destination = 1:80:c2:0:0:0
ETHER:  Source      = 0:4:9a:c7:3c:4c
ETHER:  Ethertype   = 0026 (unknown)
ETHER:

ETHER:  ----- Ether Header -----
ETHER:
ETHER:  Packet 165
ETHER:  Packet size = 60 bytes
ETHER:  Destination = 1:80:c2:0:0:0
ETHER:  Source      = 0:4:9a:c7:3c:4c
ETHER:  Ethertype   = 0026 (unknown)
ETHER:

ETHER:  ----- Ether Header -----
ETHER:
ETHER:  Packet 166
ETHER:  Packet size = 60 bytes
ETHER:  Destination = 1:80:c2:0:0:0
ETHER:  Source      = 0:4:9a:c7:3c:4c
ETHER:  Ethertype   = 0026 (unknown)
ETHER:

ETHER:  ----- Ether Header -----
ETHER:
ETHER:  Packet 167
ETHER:  Packet size = 407 bytes
ETHER:  Destination = 1:0:c:cc:cc:cc
ETHER:  Source      = 0:4:9a:c7:3c:4c
ETHER:  Ethertype   = 0189 (unknown)
ETHER:

ETHER:  ----- Ether Header -----
ETHER:
ETHER:  Packet 168
ETHER:  Packet size = 60 bytes
ETHER:  Destination = 1:80:c2:0:0:0
ETHER:  Source      = 0:4:9a:c7:3c:4c
ETHER:  Ethertype   = 0026 (unknown)
ETHER:

ETHER:  ----- Ether Header -----
ETHER:
ETHER:  Packet 169
ETHER:  Packet size = 60 bytes
ETHER:  Destination = 1:80:c2:0:0:0
ETHER:  Source      = 0:4:9a:c7:3c:4c
ETHER:  Ethertype   = 0026 (unknown)
ETHER:

ETHER:  ----- Ether Header -----
ETHER:
ETHER:  Packet 170
ETHER:  Packet size = 60 bytes
ETHER:  Destination = 1:80:c2:0:0:0
ETHER:  Source      = 0:4:9a:c7:3c:4c
ETHER:  Ethertype   = 0026 (unknown)
ETHER:

ETHER:  ----- Ether Header -----
ETHER:
ETHER:  Packet 171
ETHER:  Packet size = 60 bytes
ETHER:  Destination = 1:80:c2:0:0:0
ETHER:  Source      = 0:4:9a:c7:3c:4c
ETHER:  Ethertype   = 0026 (unknown)
ETHER:

ETHER:  ----- Ether Header -----
ETHER:
ETHER:  Packet 172
ETHER:  Packet size = 60 bytes
ETHER:  Destination = 1:80:c2:0:0:0
ETHER:  Source      = 0:4:9a:c7:3c:4c
ETHER:  Ethertype   = 0026 (unknown)
ETHER:

ETHER:  ----- Ether Header -----
ETHER:
ETHER:  Packet 173
ETHER:  Packet size = 60 bytes
ETHER:  Destination = 1:80:c2:0:0:0
ETHER:  Source      = 0:4:9a:c7:3c:4c
ETHER:  Ethertype   = 0026 (unknown)
ETHER:

ETHER:  ----- Ether Header -----
ETHER:
ETHER:  Packet 174
ETHER:  Packet size = 60 bytes
ETHER:  Destination = 1:80:c2:0:0:0
ETHER:  Source      = 0:4:9a:c7:3c:4c
ETHER:  Ethertype   = 0026 (unknown)
ETHER:

ETHER:  ----- Ether Header -----
ETHER:
ETHER:  Packet 175
ETHER:  Packet size = 60 bytes
ETHER:  Destination = 1:80:c2:0:0:0
ETHER:  Source      = 0:4:9a:c7:3c:4c
ETHER:  Ethertype   = 0026 (unknown)
ETHER:

ETHER:  ----- Ether Header -----
ETHER:
ETHER:  Packet 176
ETHER:  Packet size = 60 bytes
ETHER:  Destination = 1:80:c2:0:0:0
ETHER:  Source      = 0:4:9a:c7:3c:4c
ETHER:  Ethertype   = 0026 (unknown)
ETHER:

ETHER:  ----- Ether Header -----
ETHER:
ETHER:  Packet 177
ETHER:  Packet size = 60 bytes
ETHER:  Destination = 1:80:c2:0:0:0
ETHER:  Source      = 0:4:9a:c7:3c:4c
ETHER:  Ethertype   = 0026 (unknown)
ETHER:

ETHER:  ----- Ether Header -----
ETHER:
ETHER:  Packet 178
ETHER:  Packet size = 60 bytes
ETHER:  Destination = 1:80:c2:0:0:0
ETHER:  Source      = 0:4:9a:c7:3c:4c
ETHER:  Ethertype   = 0026 (unknown)
ETHER:

ETHER:  ----- Ether Header -----
ETHER:
ETHER:  Packet 179
ETHER:  Packet size = 60 bytes
ETHER:  Destination = 1:80:c2:0:0:0
ETHER:  Source      = 0:4:9a:c7:3c:4c
ETHER:  Ethertype   = 0026 (unknown)
ETHER:

ETHER:  ----- Ether Header -----
ETHER:
ETHER:  Packet 180
ETHER:  Packet size = 60 bytes
ETHER:  Destination = 1:80:c2:0:0:0
ETHER:  Source      = 0:4:9a:c7:3c:4c
ETHER:  Ethertype   = 0026 (unknown)
ETHER:

ETHER:  ----- Ether Header -----
ETHER:
ETHER:  Packet 181
ETHER:  Packet size = 60 bytes
ETHER:  Destination = 1:80:c2:0:0:0
ETHER:  Source      = 0:4:9a:c7:3c:4c
ETHER:  Ethertype   = 0026 (unknown)
ETHER:

ETHER:  ----- Ether Header -----
ETHER:
ETHER:  Packet 182
ETHER:  Packet size = 60 bytes
ETHER:  Destination = 1:80:c2:0:0:0
ETHER:  Source      = 0:4:9a:c7:3c:4c
ETHER:  Ethertype   = 0026 (unknown)
ETHER:

ETHER:  ----- Ether Header -----
ETHER:
ETHER:  Packet 183
ETHER:  Packet size = 60 bytes
ETHER:  Destination = 1:80:c2:0:0:0
ETHER:  Source      = 0:4:9a:c7:3c:4c
ETHER:  Ethertype   = 0026 (unknown)
ETHER:

ETHER:  ----- Ether Header -----
ETHER:
ETHER:  Packet 184
ETHER:  Packet size = 60 bytes
ETHER:  Destination = 1:80:c2:0:0:0
ETHER:  Source      = 0:4:9a:c7:3c:4c
ETHER:  Ethertype   = 0026 (unknown)
ETHER:

ETHER:  ----- Ether Header -----
ETHER:
ETHER:  Packet 185
ETHER:  Packet size = 60 bytes
ETHER:  Destination = 1:80:c2:0:0:0
ETHER:  Source      = 0:4:9a:c7:3c:4c
ETHER:  Ethertype   = 0026 (unknown)
ETHER:

ETHER:  ----- Ether Header -----
ETHER:
ETHER:  Packet 186
ETHER:  Packet size = 60 bytes
ETHER:  Destination = 1:80:c2:0:0:0
ETHER:  Source      = 0:4:9a:c7:3c:4c
ETHER:  Ethertype   = 0026 (unknown)
ETHER:

ETHER:  ----- Ether Header -----
ETHER:
ETHER:  Packet 187
ETHER:  Packet size = 60 bytes
ETHER:  Destination = 1:80:c2:0:0:0
ETHER:  Source      = 0:4:9a:c7:3c:4c
ETHER:  Ethertype   = 0026 (unknown)
ETHER:

ETHER:  ----- Ether Header -----
ETHER:
ETHER:  Packet 188
ETHER:  Packet size = 60 bytes
ETHER:  Destination = 1:80:c2:0:0:0
ETHER:  Source      = 0:4:9a:c7:3c:4c
ETHER:  Ethertype   = 0026 (unknown)
ETHER:

ETHER:  ----- Ether Header -----
ETHER:
ETHER:  Packet 189
ETHER:  Packet size = 60 bytes
ETHER:  Destination = 1:80:c2:0:0:0
ETHER:  Source      = 0:4:9a:c7:3c:4c
ETHER:  Ethertype   = 0026 (unknown)
ETHER:

ETHER:  ----- Ether Header -----
ETHER:
ETHER:  Packet 190
ETHER:  Packet size = 190 bytes
ETHER:  Destination = 3:0:0:0:0:1
ETHER:  Source      = 0:1:2:35:ca:92
ETHER:  Ethertype   = 00b0 (unknown)
ETHER:

ETHER:  ----- Ether Header -----
ETHER:
ETHER:  Packet 191
ETHER:  Packet size = 60 bytes
ETHER:  Destination = 1:80:c2:0:0:0
ETHER:  Source      = 0:4:9a:c7:3c:4c
ETHER:  Ethertype   = 0026 (unknown)
ETHER:

ETHER:  ----- Ether Header -----
ETHER:
ETHER:  Packet 192
ETHER:  Packet size = 60 bytes
ETHER:  Destination = 1:80:c2:0:0:0
ETHER:  Source      = 0:4:9a:c7:3c:4c
ETHER:  Ethertype   = 0026 (unknown)
ETHER:

ETHER:  ----- Ether Header -----
ETHER:
ETHER:  Packet 193
ETHER:  Packet size = 60 bytes
ETHER:  Destination = 1:80:c2:0:0:0
ETHER:  Source      = 0:4:9a:c7:3c:4c
ETHER:  Ethertype   = 0026 (unknown)
ETHER:

ETHER:  ----- Ether Header -----
ETHER:
ETHER:  Packet 194
ETHER:  Packet size = 60 bytes
ETHER:  Destination = 1:80:c2:0:0:0
ETHER:  Source      = 0:4:9a:c7:3c:4c
ETHER:  Ethertype   = 0026 (unknown)
ETHER:

ETHER:  ----- Ether Header -----
ETHER:
ETHER:  Packet 195
ETHER:  Packet size = 60 bytes
ETHER:  Destination = 1:80:c2:0:0:0
ETHER:  Source      = 0:4:9a:c7:3c:4c
ETHER:  Ethertype   = 0026 (unknown)
ETHER:

ETHER:  ----- Ether Header -----
ETHER:
ETHER:  Packet 196
ETHER:  Packet size = 60 bytes
ETHER:  Destination = 1:80:c2:0:0:0
ETHER:  Source      = 0:4:9a:c7:3c:4c
ETHER:  Ethertype   = 0026 (unknown)
ETHER:

ETHER:  ----- Ether Header -----
ETHER:
ETHER:  Packet 197
ETHER:  Packet size = 60 bytes
ETHER:  Destination = ff:ff:ff:ff:ff:ff
ETHER:  Source      = 0:14:22:ee:76:13
ETHER:  Ethertype   = 0806 (ARP)
ETHER:
ARP:  ----- ARP Frame -----
ARP:  
ARP:  Hardware type = 1 (Ethernet)
ARP:  Protocol type = 0800 (IP)
ARP:  Length of hardware address = 6 bytes
ARP:  Length of protocol address = 4 bytes
ARP:  Opcode 1 (ARP Request)
ARP:  Sender's hardware address = 0:14:22:ee:76:13
ARP:  Sender's protocol address = 192.168.122.136
ARP:  Target hardware address = ?
ARP:  Target protocol address = 192.168.122.1
ARP:

ETHER:  ----- Ether Header -----
ETHER:
ETHER:  Packet 198
ETHER:  Packet size = 60 bytes
ETHER:  Destination = 1:80:c2:0:0:0
ETHER:  Source      = 0:4:9a:c7:3c:4c
ETHER:  Ethertype   = 0026 (unknown)
ETHER:

ETHER:  ----- Ether Header -----
ETHER:
ETHER:  Packet 199
ETHER:  Packet size = 60 bytes
ETHER:  Destination = 1:80:c2:0:0:0
ETHER:  Source      = 0:4:9a:c7:3c:4c
ETHER:  Ethertype   = 0026 (unknown)
ETHER:
